The system is: Linux - 3.13.0-gentoo - x86_64
Compiling the C compiler identification source file "CMakeCCompilerId.c" succeeded.
Compiler: /usr/bin/cc 
Build flags: 
Id flags: 

The output was:
0


Compilation of the C compiler identification source "CMakeCCompilerId.c" produced "a.out"

The C compiler identification is GNU, found in "/mnt/data/005_git/crorc-driver-dma/build/debug/CMakeFiles/2.8.12.2/CompilerIdC/a.out"

Compiling the CXX compiler identification source file "CMakeCXXCompilerId.cpp" succeeded.
Compiler: /usr/bin/c++ 
Build flags: 
Id flags: 

The output was:
0


Compilation of the CXX compiler identification source "CMakeCXXCompilerId.cpp" produced "a.out"

The CXX compiler identification is GNU, found in "/mnt/data/005_git/crorc-driver-dma/build/debug/CMakeFiles/2.8.12.2/CompilerIdCXX/a.out"

Determining if the C compiler works passed with the following output:
Change Dir: /mnt/data/005_git/crorc-driver-dma/build/debug/CMakeFiles/CMakeTmp

Run Build Command:/usr/bin/gmake "cmTryCompileExec4031292142/fast"
/usr/bin/gmake -f CMakeFiles/cmTryCompileExec4031292142.dir/build.make CMakeFiles/cmTryCompileExec4031292142.dir/build
gmake[1]: Entering directory '/mnt/data/005_git/crorc-driver-dma/build/debug/CMakeFiles/CMakeTmp'
/usr/bin/cmake -E cmake_progress_report /mnt/data/005_git/crorc-driver-dma/build/debug/CMakeFiles/CMakeTmp/CMakeFiles 1
Building C object CMakeFiles/cmTryCompileExec4031292142.dir/testCCompiler.c.o
/usr/bin/cc    -o CMakeFiles/cmTryCompileExec4031292142.dir/testCCompiler.c.o   -c /mnt/data/005_git/crorc-driver-dma/build/debug/CMakeFiles/CMakeTmp/testCCompiler.c
Linking C executable cmTryCompileExec4031292142
/usr/bin/cmake -E cmake_link_script CMakeFiles/cmTryCompileExec4031292142.dir/link.txt --verbose=1
/usr/bin/cc       CMakeFiles/cmTryCompileExec4031292142.dir/testCCompiler.c.o  -o cmTryCompileExec4031292142 -rdynamic 
gmake[1]: Leaving directory '/mnt/data/005_git/crorc-driver-dma/build/debug/CMakeFiles/CMakeTmp'


Detecting C compiler ABI info compiled with the following output:
Change Dir: /mnt/data/005_git/crorc-driver-dma/build/debug/CMakeFiles/CMakeTmp

Run Build Command:/usr/bin/gmake "cmTryCompileExec2713580355/fast"
/usr/bin/gmake -f CMakeFiles/cmTryCompileExec2713580355.dir/build.make CMakeFiles/cmTryCompileExec2713580355.dir/build
gmake[1]: Entering directory '/mnt/data/005_git/crorc-driver-dma/build/debug/CMakeFiles/CMakeTmp'
/usr/bin/cmake -E cmake_progress_report /mnt/data/005_git/crorc-driver-dma/build/debug/CMakeFiles/CMakeTmp/CMakeFiles 1
Building C object CMakeFiles/cmTryCompileExec2713580355.dir/CMakeCCompilerABI.c.o
/usr/bin/cc    -o CMakeFiles/cmTryCompileExec2713580355.dir/CMakeCCompilerABI.c.o   -c /usr/share/cmake/Modules/CMakeCCompilerABI.c
Linking C executable cmTryCompileExec2713580355
/usr/bin/cmake -E cmake_link_script CMakeFiles/cmTryCompileExec2713580355.dir/link.txt --verbose=1
/usr/bin/cc     -v CMakeFiles/cmTryCompileExec2713580355.dir/CMakeCCompilerABI.c.o  -o cmTryCompileExec2713580355 -rdynamic  
Es werden eingebaute Spezifikationen verwendet.
COLLECT_GCC=/usr/x86_64-pc-linux-gnu/gcc-bin/4.8.2/gcc
COLLECT_LTO_WRAPPER=/usr/libexec/gcc/x86_64-pc-linux-gnu/4.8.2/lto-wrapper
Ziel: x86_64-pc-linux-gnu
Konfiguriert mit: /var/tmp/portage/sys-devel/gcc-4.8.2/work/gcc-4.8.2/configure --host=x86_64-pc-linux-gnu --build=x86_64-pc-linux-gnu --prefix=/usr --bindir=/usr/x86_64-pc-linux-gnu/gcc-bin/4.8.2 --includedir=/usr/lib/gcc/x86_64-pc-linux-gnu/4.8.2/include --datadir=/usr/share/gcc-data/x86_64-pc-linux-gnu/4.8.2 --mandir=/usr/share/gcc-data/x86_64-pc-linux-gnu/4.8.2/man --infodir=/usr/share/gcc-data/x86_64-pc-linux-gnu/4.8.2/info --with-gxx-include-dir=/usr/lib/gcc/x86_64-pc-linux-gnu/4.8.2/include/g++-v4 --with-python-dir=/share/gcc-data/x86_64-pc-linux-gnu/4.8.2/python --enable-objc-gc --enable-languages=c,c++,java,objc,fortran --enable-obsolete --enable-secureplt --disable-werror --with-system-zlib --enable-nls --without-included-gettext --enable-checking=release --with-bugurl=https://bugs.gentoo.org/ --with-pkgversion='Gentoo 4.8.2 p1.3r1, pie-0.5.8r1' --enable-libstdcxx-time --enable-shared --enable-threads=posix --enable-__cxa_atexit --enable-clocale=gnu --enable-multilib --with-multilib-list=m32,m64 --disable-altivec --disable-fixed-point --enable-targets=all --enable-libgomp --enable-libmudflap --disable-libssp --enable-lto --with-cloog --disable-isl-version-check
Thread-Modell: posix
gcc-Version 4.8.2 (Gentoo 4.8.2 p1.3r1, pie-0.5.8r1) 
COMPILER_PATH=/usr/libexec/gcc/x86_64-pc-linux-gnu/4.8.2/:/usr/libexec/gcc/x86_64-pc-linux-gnu/4.8.2/:/usr/libexec/gcc/x86_64-pc-linux-gnu/:/usr/lib/gcc/x86_64-pc-linux-gnu/4.8.2/:/usr/lib/gcc/x86_64-pc-linux-gnu/:/usr/lib/gcc/x86_64-pc-linux-gnu/4.8.2/../../../../x86_64-pc-linux-gnu/bin/
LIBRARY_PATH=/usr/lib/gcc/x86_64-pc-linux-gnu/4.8.2/:/usr/lib/gcc/x86_64-pc-linux-gnu/4.8.2/../../../../lib64/:/lib/../lib64/:/usr/lib/../lib64/:/usr/lib/gcc/x86_64-pc-linux-gnu/4.8.2/../../../../x86_64-pc-linux-gnu/lib/:/usr/lib/gcc/x86_64-pc-linux-gnu/4.8.2/../../../:/lib/:/usr/lib/
COLLECT_GCC_OPTIONS='-v' '-o' 'cmTryCompileExec2713580355' '-rdynamic' '-mtune=generic' '-march=x86-64'
 /usr/libexec/gcc/x86_64-pc-linux-gnu/4.8.2/collect2 --eh-frame-hdr -m elf_x86_64 -export-dynamic -dynamic-linker /lib64/ld-linux-x86-64.so.2 -o cmTryCompileExec2713580355 /usr/lib/gcc/x86_64-pc-linux-gnu/4.8.2/../../../../lib64/crt1.o /usr/lib/gcc/x86_64-pc-linux-gnu/4.8.2/../../../../lib64/crti.o /usr/lib/gcc/x86_64-pc-linux-gnu/4.8.2/crtbegin.o -L/usr/lib/gcc/x86_64-pc-linux-gnu/4.8.2 -L/usr/lib/gcc/x86_64-pc-linux-gnu/4.8.2/../../../../lib64 -L/lib/../lib64 -L/usr/lib/../lib64 -L/usr/lib/gcc/x86_64-pc-linux-gnu/4.8.2/../../../../x86_64-pc-linux-gnu/lib -L/usr/lib/gcc/x86_64-pc-linux-gnu/4.8.2/../../.. CMakeFiles/cmTryCompileExec2713580355.dir/CMakeCCompilerABI.c.o -lgcc --as-needed -lgcc_s --no-as-needed -lc -lgcc --as-needed -lgcc_s --no-as-needed /usr/lib/gcc/x86_64-pc-linux-gnu/4.8.2/crtend.o /usr/lib/gcc/x86_64-pc-linux-gnu/4.8.2/../../../../lib64/crtn.o
gmake[1]: Leaving directory '/mnt/data/005_git/crorc-driver-dma/build/debug/CMakeFiles/CMakeTmp'


Parsed C implicit link information from above output:
  link line regex: [^( *|.*[/\])(ld|([^/\]+-)?ld|collect2)[^/\]*( |$)]
  ignore line: [Change Dir: /mnt/data/005_git/crorc-driver-dma/build/debug/CMakeFiles/CMakeTmp]
  ignore line: []
  ignore line: [Run Build Command:/usr/bin/gmake "cmTryCompileExec2713580355/fast"]
  ignore line: [/usr/bin/gmake -f CMakeFiles/cmTryCompileExec2713580355.dir/build.make CMakeFiles/cmTryCompileExec2713580355.dir/build]
  ignore line: [gmake[1]: Entering directory '/mnt/data/005_git/crorc-driver-dma/build/debug/CMakeFiles/CMakeTmp']
  ignore line: [/usr/bin/cmake -E cmake_progress_report /mnt/data/005_git/crorc-driver-dma/build/debug/CMakeFiles/CMakeTmp/CMakeFiles 1]
  ignore line: [Building C object CMakeFiles/cmTryCompileExec2713580355.dir/CMakeCCompilerABI.c.o]
  ignore line: [/usr/bin/cc    -o CMakeFiles/cmTryCompileExec2713580355.dir/CMakeCCompilerABI.c.o   -c /usr/share/cmake/Modules/CMakeCCompilerABI.c]
  ignore line: [Linking C executable cmTryCompileExec2713580355]
  ignore line: [/usr/bin/cmake -E cmake_link_script CMakeFiles/cmTryCompileExec2713580355.dir/link.txt --verbose=1]
  ignore line: [/usr/bin/cc     -v CMakeFiles/cmTryCompileExec2713580355.dir/CMakeCCompilerABI.c.o  -o cmTryCompileExec2713580355 -rdynamic  ]
  ignore line: [Es werden eingebaute Spezifikationen verwendet.]
  ignore line: [COLLECT_GCC=/usr/x86_64-pc-linux-gnu/gcc-bin/4.8.2/gcc]
  ignore line: [COLLECT_LTO_WRAPPER=/usr/libexec/gcc/x86_64-pc-linux-gnu/4.8.2/lto-wrapper]
  ignore line: [Ziel: x86_64-pc-linux-gnu]
  ignore line: [Konfiguriert mit: /var/tmp/portage/sys-devel/gcc-4.8.2/work/gcc-4.8.2/configure --host=x86_64-pc-linux-gnu --build=x86_64-pc-linux-gnu --prefix=/usr --bindir=/usr/x86_64-pc-linux-gnu/gcc-bin/4.8.2 --includedir=/usr/lib/gcc/x86_64-pc-linux-gnu/4.8.2/include --datadir=/usr/share/gcc-data/x86_64-pc-linux-gnu/4.8.2 --mandir=/usr/share/gcc-data/x86_64-pc-linux-gnu/4.8.2/man --infodir=/usr/share/gcc-data/x86_64-pc-linux-gnu/4.8.2/info --with-gxx-include-dir=/usr/lib/gcc/x86_64-pc-linux-gnu/4.8.2/include/g++-v4 --with-python-dir=/share/gcc-data/x86_64-pc-linux-gnu/4.8.2/python --enable-objc-gc --enable-languages=c,c++,java,objc,fortran --enable-obsolete --enable-secureplt --disable-werror --with-system-zlib --enable-nls --without-included-gettext --enable-checking=release --with-bugurl=https://bugs.gentoo.org/ --with-pkgversion='Gentoo 4.8.2 p1.3r1, pie-0.5.8r1' --enable-libstdcxx-time --enable-shared --enable-threads=posix --enable-__cxa_atexit --enable-clocale=gnu --enable-multilib --with-multilib-list=m32,m64 --disable-altivec --disable-fixed-point --enable-targets=all --enable-libgomp --enable-libmudflap --disable-libssp --enable-lto --with-cloog --disable-isl-version-check]
  ignore line: [Thread-Modell: posix]
  ignore line: [gcc-Version 4.8.2 (Gentoo 4.8.2 p1.3r1, pie-0.5.8r1) ]
  ignore line: [COMPILER_PATH=/usr/libexec/gcc/x86_64-pc-linux-gnu/4.8.2/:/usr/libexec/gcc/x86_64-pc-linux-gnu/4.8.2/:/usr/libexec/gcc/x86_64-pc-linux-gnu/:/usr/lib/gcc/x86_64-pc-linux-gnu/4.8.2/:/usr/lib/gcc/x86_64-pc-linux-gnu/:/usr/lib/gcc/x86_64-pc-linux-gnu/4.8.2/../../../../x86_64-pc-linux-gnu/bin/]
  ignore line: [LIBRARY_PATH=/usr/lib/gcc/x86_64-pc-linux-gnu/4.8.2/:/usr/lib/gcc/x86_64-pc-linux-gnu/4.8.2/../../../../lib64/:/lib/../lib64/:/usr/lib/../lib64/:/usr/lib/gcc/x86_64-pc-linux-gnu/4.8.2/../../../../x86_64-pc-linux-gnu/lib/:/usr/lib/gcc/x86_64-pc-linux-gnu/4.8.2/../../../:/lib/:/usr/lib/]
  ignore line: [COLLECT_GCC_OPTIONS='-v' '-o' 'cmTryCompileExec2713580355' '-rdynamic' '-mtune=generic' '-march=x86-64']
  link line: [ /usr/libexec/gcc/x86_64-pc-linux-gnu/4.8.2/collect2 --eh-frame-hdr -m elf_x86_64 -export-dynamic -dynamic-linker /lib64/ld-linux-x86-64.so.2 -o cmTryCompileExec2713580355 /usr/lib/gcc/x86_64-pc-linux-gnu/4.8.2/../../../../lib64/crt1.o /usr/lib/gcc/x86_64-pc-linux-gnu/4.8.2/../../../../lib64/crti.o /usr/lib/gcc/x86_64-pc-linux-gnu/4.8.2/crtbegin.o -L/usr/lib/gcc/x86_64-pc-linux-gnu/4.8.2 -L/usr/lib/gcc/x86_64-pc-linux-gnu/4.8.2/../../../../lib64 -L/lib/../lib64 -L/usr/lib/../lib64 -L/usr/lib/gcc/x86_64-pc-linux-gnu/4.8.2/../../../../x86_64-pc-linux-gnu/lib -L/usr/lib/gcc/x86_64-pc-linux-gnu/4.8.2/../../.. CMakeFiles/cmTryCompileExec2713580355.dir/CMakeCCompilerABI.c.o -lgcc --as-needed -lgcc_s --no-as-needed -lc -lgcc --as-needed -lgcc_s --no-as-needed /usr/lib/gcc/x86_64-pc-linux-gnu/4.8.2/crtend.o /usr/lib/gcc/x86_64-pc-linux-gnu/4.8.2/../../../../lib64/crtn.o]
    arg [/usr/libexec/gcc/x86_64-pc-linux-gnu/4.8.2/collect2] ==> ignore
    arg [--eh-frame-hdr] ==> ignore
    arg [-m] ==> ignore
    arg [elf_x86_64] ==> ignore
    arg [-export-dynamic] ==> ignore
    arg [-dynamic-linker] ==> ignore
    arg [/lib64/ld-linux-x86-64.so.2] ==> ignore
    arg [-o] ==> ignore
    arg [cmTryCompileExec2713580355] ==> ignore
    arg [/usr/lib/gcc/x86_64-pc-linux-gnu/4.8.2/../../../../lib64/crt1.o] ==> ignore
    arg [/usr/lib/gcc/x86_64-pc-linux-gnu/4.8.2/../../../../lib64/crti.o] ==> ignore
    arg [/usr/lib/gcc/x86_64-pc-linux-gnu/4.8.2/crtbegin.o] ==> ignore
    arg [-L/usr/lib/gcc/x86_64-pc-linux-gnu/4.8.2] ==> dir [/usr/lib/gcc/x86_64-pc-linux-gnu/4.8.2]
    arg [-L/usr/lib/gcc/x86_64-pc-linux-gnu/4.8.2/../../../../lib64] ==> dir [/usr/lib/gcc/x86_64-pc-linux-gnu/4.8.2/../../../../lib64]
    arg [-L/lib/../lib64] ==> dir [/lib/../lib64]
    arg [-L/usr/lib/../lib64] ==> dir [/usr/lib/../lib64]
    arg [-L/usr/lib/gcc/x86_64-pc-linux-gnu/4.8.2/../../../../x86_64-pc-linux-gnu/lib] ==> dir [/usr/lib/gcc/x86_64-pc-linux-gnu/4.8.2/../../../../x86_64-pc-linux-gnu/lib]
    arg [-L/usr/lib/gcc/x86_64-pc-linux-gnu/4.8.2/../../..] ==> dir [/usr/lib/gcc/x86_64-pc-linux-gnu/4.8.2/../../..]
    arg [CMakeFiles/cmTryCompileExec2713580355.dir/CMakeCCompilerABI.c.o] ==> ignore
    arg [-lgcc] ==> lib [gcc]
    arg [--as-needed] ==> ignore
    arg [-lgcc_s] ==> lib [gcc_s]
    arg [--no-as-needed] ==> ignore
    arg [-lc] ==> lib [c]
    arg [-lgcc] ==> lib [gcc]
    arg [--as-needed] ==> ignore
    arg [-lgcc_s] ==> lib [gcc_s]
    arg [--no-as-needed] ==> ignore
    arg [/usr/lib/gcc/x86_64-pc-linux-gnu/4.8.2/crtend.o] ==> ignore
    arg [/usr/lib/gcc/x86_64-pc-linux-gnu/4.8.2/../../../../lib64/crtn.o] ==> ignore
  remove lib [gcc]
  remove lib [gcc_s]
  remove lib [gcc]
  remove lib [gcc_s]
  collapse library dir [/usr/lib/gcc/x86_64-pc-linux-gnu/4.8.2] ==> [/usr/lib/gcc/x86_64-pc-linux-gnu/4.8.2]
  collapse library dir [/usr/lib/gcc/x86_64-pc-linux-gnu/4.8.2/../../../../lib64] ==> [/usr/lib64]
  collapse library dir [/lib/../lib64] ==> [/lib64]
  collapse library dir [/usr/lib/../lib64] ==> [/usr/lib64]
  collapse library dir [/usr/lib/gcc/x86_64-pc-linux-gnu/4.8.2/../../../../x86_64-pc-linux-gnu/lib] ==> [/usr/x86_64-pc-linux-gnu/lib]
  collapse library dir [/usr/lib/gcc/x86_64-pc-linux-gnu/4.8.2/../../..] ==> [/usr/lib]
  implicit libs: [c]
  implicit dirs: [/usr/lib/gcc/x86_64-pc-linux-gnu/4.8.2;/usr/lib64;/lib64;/usr/x86_64-pc-linux-gnu/lib;/usr/lib]
  implicit fwks: []


Determining if the CXX compiler works passed with the following output:
Change Dir: /mnt/data/005_git/crorc-driver-dma/build/debug/CMakeFiles/CMakeTmp

Run Build Command:/usr/bin/gmake "cmTryCompileExec3968644146/fast"
/usr/bin/gmake -f CMakeFiles/cmTryCompileExec3968644146.dir/build.make CMakeFiles/cmTryCompileExec3968644146.dir/build
gmake[1]: Entering directory '/mnt/data/005_git/crorc-driver-dma/build/debug/CMakeFiles/CMakeTmp'
/usr/bin/cmake -E cmake_progress_report /mnt/data/005_git/crorc-driver-dma/build/debug/CMakeFiles/CMakeTmp/CMakeFiles 1
Building CXX object CMakeFiles/cmTryCompileExec3968644146.dir/testCXXCompiler.cxx.o
/usr/bin/c++     -o CMakeFiles/cmTryCompileExec3968644146.dir/testCXXCompiler.cxx.o -c /mnt/data/005_git/crorc-driver-dma/build/debug/CMakeFiles/CMakeTmp/testCXXCompiler.cxx
Linking CXX executable cmTryCompileExec3968644146
/usr/bin/cmake -E cmake_link_script CMakeFiles/cmTryCompileExec3968644146.dir/link.txt --verbose=1
/usr/bin/c++        CMakeFiles/cmTryCompileExec3968644146.dir/testCXXCompiler.cxx.o  -o cmTryCompileExec3968644146 -rdynamic 
gmake[1]: Leaving directory '/mnt/data/005_git/crorc-driver-dma/build/debug/CMakeFiles/CMakeTmp'


Detecting CXX compiler ABI info compiled with the following output:
Change Dir: /mnt/data/005_git/crorc-driver-dma/build/debug/CMakeFiles/CMakeTmp

Run Build Command:/usr/bin/gmake "cmTryCompileExec3815058532/fast"
/usr/bin/gmake -f CMakeFiles/cmTryCompileExec3815058532.dir/build.make CMakeFiles/cmTryCompileExec3815058532.dir/build
gmake[1]: Entering directory '/mnt/data/005_git/crorc-driver-dma/build/debug/CMakeFiles/CMakeTmp'
/usr/bin/cmake -E cmake_progress_report /mnt/data/005_git/crorc-driver-dma/build/debug/CMakeFiles/CMakeTmp/CMakeFiles 1
Building CXX object CMakeFiles/cmTryCompileExec3815058532.dir/CMakeCXXCompilerABI.cpp.o
/usr/bin/c++     -o CMakeFiles/cmTryCompileExec3815058532.dir/CMakeCXXCompilerABI.cpp.o -c /usr/share/cmake/Modules/CMakeCXXCompilerABI.cpp
Linking CXX executable cmTryCompileExec3815058532
/usr/bin/cmake -E cmake_link_script CMakeFiles/cmTryCompileExec3815058532.dir/link.txt --verbose=1
/usr/bin/c++      -v CMakeFiles/cmTryCompileExec3815058532.dir/CMakeCXXCompilerABI.cpp.o  -o cmTryCompileExec3815058532 -rdynamic  
Es werden eingebaute Spezifikationen verwendet.
COLLECT_GCC=/usr/x86_64-pc-linux-gnu/gcc-bin/4.8.2/c++
COLLECT_LTO_WRAPPER=/usr/libexec/gcc/x86_64-pc-linux-gnu/4.8.2/lto-wrapper
Ziel: x86_64-pc-linux-gnu
Konfiguriert mit: /var/tmp/portage/sys-devel/gcc-4.8.2/work/gcc-4.8.2/configure --host=x86_64-pc-linux-gnu --build=x86_64-pc-linux-gnu --prefix=/usr --bindir=/usr/x86_64-pc-linux-gnu/gcc-bin/4.8.2 --includedir=/usr/lib/gcc/x86_64-pc-linux-gnu/4.8.2/include --datadir=/usr/share/gcc-data/x86_64-pc-linux-gnu/4.8.2 --mandir=/usr/share/gcc-data/x86_64-pc-linux-gnu/4.8.2/man --infodir=/usr/share/gcc-data/x86_64-pc-linux-gnu/4.8.2/info --with-gxx-include-dir=/usr/lib/gcc/x86_64-pc-linux-gnu/4.8.2/include/g++-v4 --with-python-dir=/share/gcc-data/x86_64-pc-linux-gnu/4.8.2/python --enable-objc-gc --enable-languages=c,c++,java,objc,fortran --enable-obsolete --enable-secureplt --disable-werror --with-system-zlib --enable-nls --without-included-gettext --enable-checking=release --with-bugurl=https://bugs.gentoo.org/ --with-pkgversion='Gentoo 4.8.2 p1.3r1, pie-0.5.8r1' --enable-libstdcxx-time --enable-shared --enable-threads=posix --enable-__cxa_atexit --enable-clocale=gnu --enable-multilib --with-multilib-list=m32,m64 --disable-altivec --disable-fixed-point --enable-targets=all --enable-libgomp --enable-libmudflap --disable-libssp --enable-lto --with-cloog --disable-isl-version-check
Thread-Modell: posix
gcc-Version 4.8.2 (Gentoo 4.8.2 p1.3r1, pie-0.5.8r1) 
COMPILER_PATH=/usr/libexec/gcc/x86_64-pc-linux-gnu/4.8.2/:/usr/libexec/gcc/x86_64-pc-linux-gnu/4.8.2/:/usr/libexec/gcc/x86_64-pc-linux-gnu/:/usr/lib/gcc/x86_64-pc-linux-gnu/4.8.2/:/usr/lib/gcc/x86_64-pc-linux-gnu/:/usr/lib/gcc/x86_64-pc-linux-gnu/4.8.2/../../../../x86_64-pc-linux-gnu/bin/
LIBRARY_PATH=/usr/lib/gcc/x86_64-pc-linux-gnu/4.8.2/:/usr/lib/gcc/x86_64-pc-linux-gnu/4.8.2/../../../../lib64/:/lib/../lib64/:/usr/lib/../lib64/:/usr/lib/gcc/x86_64-pc-linux-gnu/4.8.2/../../../../x86_64-pc-linux-gnu/lib/:/usr/lib/gcc/x86_64-pc-linux-gnu/4.8.2/../../../:/lib/:/usr/lib/
COLLECT_GCC_OPTIONS='-v' '-o' 'cmTryCompileExec3815058532' '-rdynamic' '-shared-libgcc' '-mtune=generic' '-march=x86-64'
 /usr/libexec/gcc/x86_64-pc-linux-gnu/4.8.2/collect2 --eh-frame-hdr -m elf_x86_64 -export-dynamic -dynamic-linker /lib64/ld-linux-x86-64.so.2 -o cmTryCompileExec3815058532 /usr/lib/gcc/x86_64-pc-linux-gnu/4.8.2/../../../../lib64/crt1.o /usr/lib/gcc/x86_64-pc-linux-gnu/4.8.2/../../../../lib64/crti.o /usr/lib/gcc/x86_64-pc-linux-gnu/4.8.2/crtbegin.o -L/usr/lib/gcc/x86_64-pc-linux-gnu/4.8.2 -L/usr/lib/gcc/x86_64-pc-linux-gnu/4.8.2/../../../../lib64 -L/lib/../lib64 -L/usr/lib/../lib64 -L/usr/lib/gcc/x86_64-pc-linux-gnu/4.8.2/../../../../x86_64-pc-linux-gnu/lib -L/usr/lib/gcc/x86_64-pc-linux-gnu/4.8.2/../../.. CMakeFiles/cmTryCompileExec3815058532.dir/CMakeCXXCompilerABI.cpp.o -lstdc++ -lm -lgcc_s -lgcc -lc -lgcc_s -lgcc /usr/lib/gcc/x86_64-pc-linux-gnu/4.8.2/crtend.o /usr/lib/gcc/x86_64-pc-linux-gnu/4.8.2/../../../../lib64/crtn.o
gmake[1]: Leaving directory '/mnt/data/005_git/crorc-driver-dma/build/debug/CMakeFiles/CMakeTmp'


Parsed CXX implicit link information from above output:
  link line regex: [^( *|.*[/\])(ld|([^/\]+-)?ld|collect2)[^/\]*( |$)]
  ignore line: [Change Dir: /mnt/data/005_git/crorc-driver-dma/build/debug/CMakeFiles/CMakeTmp]
  ignore line: []
  ignore line: [Run Build Command:/usr/bin/gmake "cmTryCompileExec3815058532/fast"]
  ignore line: [/usr/bin/gmake -f CMakeFiles/cmTryCompileExec3815058532.dir/build.make CMakeFiles/cmTryCompileExec3815058532.dir/build]
  ignore line: [gmake[1]: Entering directory '/mnt/data/005_git/crorc-driver-dma/build/debug/CMakeFiles/CMakeTmp']
  ignore line: [/usr/bin/cmake -E cmake_progress_report /mnt/data/005_git/crorc-driver-dma/build/debug/CMakeFiles/CMakeTmp/CMakeFiles 1]
  ignore line: [Building CXX object CMakeFiles/cmTryCompileExec3815058532.dir/CMakeCXXCompilerABI.cpp.o]
  ignore line: [/usr/bin/c++     -o CMakeFiles/cmTryCompileExec3815058532.dir/CMakeCXXCompilerABI.cpp.o -c /usr/share/cmake/Modules/CMakeCXXCompilerABI.cpp]
  ignore line: [Linking CXX executable cmTryCompileExec3815058532]
  ignore line: [/usr/bin/cmake -E cmake_link_script CMakeFiles/cmTryCompileExec3815058532.dir/link.txt --verbose=1]
  ignore line: [/usr/bin/c++      -v CMakeFiles/cmTryCompileExec3815058532.dir/CMakeCXXCompilerABI.cpp.o  -o cmTryCompileExec3815058532 -rdynamic  ]
  ignore line: [Es werden eingebaute Spezifikationen verwendet.]
  ignore line: [COLLECT_GCC=/usr/x86_64-pc-linux-gnu/gcc-bin/4.8.2/c++]
  ignore line: [COLLECT_LTO_WRAPPER=/usr/libexec/gcc/x86_64-pc-linux-gnu/4.8.2/lto-wrapper]
  ignore line: [Ziel: x86_64-pc-linux-gnu]
  ignore line: [Konfiguriert mit: /var/tmp/portage/sys-devel/gcc-4.8.2/work/gcc-4.8.2/configure --host=x86_64-pc-linux-gnu --build=x86_64-pc-linux-gnu --prefix=/usr --bindir=/usr/x86_64-pc-linux-gnu/gcc-bin/4.8.2 --includedir=/usr/lib/gcc/x86_64-pc-linux-gnu/4.8.2/include --datadir=/usr/share/gcc-data/x86_64-pc-linux-gnu/4.8.2 --mandir=/usr/share/gcc-data/x86_64-pc-linux-gnu/4.8.2/man --infodir=/usr/share/gcc-data/x86_64-pc-linux-gnu/4.8.2/info --with-gxx-include-dir=/usr/lib/gcc/x86_64-pc-linux-gnu/4.8.2/include/g++-v4 --with-python-dir=/share/gcc-data/x86_64-pc-linux-gnu/4.8.2/python --enable-objc-gc --enable-languages=c,c++,java,objc,fortran --enable-obsolete --enable-secureplt --disable-werror --with-system-zlib --enable-nls --without-included-gettext --enable-checking=release --with-bugurl=https://bugs.gentoo.org/ --with-pkgversion='Gentoo 4.8.2 p1.3r1, pie-0.5.8r1' --enable-libstdcxx-time --enable-shared --enable-threads=posix --enable-__cxa_atexit --enable-clocale=gnu --enable-multilib --with-multilib-list=m32,m64 --disable-altivec --disable-fixed-point --enable-targets=all --enable-libgomp --enable-libmudflap --disable-libssp --enable-lto --with-cloog --disable-isl-version-check]
  ignore line: [Thread-Modell: posix]
  ignore line: [gcc-Version 4.8.2 (Gentoo 4.8.2 p1.3r1, pie-0.5.8r1) ]
  ignore line: [COMPILER_PATH=/usr/libexec/gcc/x86_64-pc-linux-gnu/4.8.2/:/usr/libexec/gcc/x86_64-pc-linux-gnu/4.8.2/:/usr/libexec/gcc/x86_64-pc-linux-gnu/:/usr/lib/gcc/x86_64-pc-linux-gnu/4.8.2/:/usr/lib/gcc/x86_64-pc-linux-gnu/:/usr/lib/gcc/x86_64-pc-linux-gnu/4.8.2/../../../../x86_64-pc-linux-gnu/bin/]
  ignore line: [LIBRARY_PATH=/usr/lib/gcc/x86_64-pc-linux-gnu/4.8.2/:/usr/lib/gcc/x86_64-pc-linux-gnu/4.8.2/../../../../lib64/:/lib/../lib64/:/usr/lib/../lib64/:/usr/lib/gcc/x86_64-pc-linux-gnu/4.8.2/../../../../x86_64-pc-linux-gnu/lib/:/usr/lib/gcc/x86_64-pc-linux-gnu/4.8.2/../../../:/lib/:/usr/lib/]
  ignore line: [COLLECT_GCC_OPTIONS='-v' '-o' 'cmTryCompileExec3815058532' '-rdynamic' '-shared-libgcc' '-mtune=generic' '-march=x86-64']
  link line: [ /usr/libexec/gcc/x86_64-pc-linux-gnu/4.8.2/collect2 --eh-frame-hdr -m elf_x86_64 -export-dynamic -dynamic-linker /lib64/ld-linux-x86-64.so.2 -o cmTryCompileExec3815058532 /usr/lib/gcc/x86_64-pc-linux-gnu/4.8.2/../../../../lib64/crt1.o /usr/lib/gcc/x86_64-pc-linux-gnu/4.8.2/../../../../lib64/crti.o /usr/lib/gcc/x86_64-pc-linux-gnu/4.8.2/crtbegin.o -L/usr/lib/gcc/x86_64-pc-linux-gnu/4.8.2 -L/usr/lib/gcc/x86_64-pc-linux-gnu/4.8.2/../../../../lib64 -L/lib/../lib64 -L/usr/lib/../lib64 -L/usr/lib/gcc/x86_64-pc-linux-gnu/4.8.2/../../../../x86_64-pc-linux-gnu/lib -L/usr/lib/gcc/x86_64-pc-linux-gnu/4.8.2/../../.. CMakeFiles/cmTryCompileExec3815058532.dir/CMakeCXXCompilerABI.cpp.o -lstdc++ -lm -lgcc_s -lgcc -lc -lgcc_s -lgcc /usr/lib/gcc/x86_64-pc-linux-gnu/4.8.2/crtend.o /usr/lib/gcc/x86_64-pc-linux-gnu/4.8.2/../../../../lib64/crtn.o]
    arg [/usr/libexec/gcc/x86_64-pc-linux-gnu/4.8.2/collect2] ==> ignore
    arg [--eh-frame-hdr] ==> ignore
    arg [-m] ==> ignore
    arg [elf_x86_64] ==> ignore
    arg [-export-dynamic] ==> ignore
    arg [-dynamic-linker] ==> ignore
    arg [/lib64/ld-linux-x86-64.so.2] ==> ignore
    arg [-o] ==> ignore
    arg [cmTryCompileExec3815058532] ==> ignore
    arg [/usr/lib/gcc/x86_64-pc-linux-gnu/4.8.2/../../../../lib64/crt1.o] ==> ignore
    arg [/usr/lib/gcc/x86_64-pc-linux-gnu/4.8.2/../../../../lib64/crti.o] ==> ignore
    arg [/usr/lib/gcc/x86_64-pc-linux-gnu/4.8.2/crtbegin.o] ==> ignore
    arg [-L/usr/lib/gcc/x86_64-pc-linux-gnu/4.8.2] ==> dir [/usr/lib/gcc/x86_64-pc-linux-gnu/4.8.2]
    arg [-L/usr/lib/gcc/x86_64-pc-linux-gnu/4.8.2/../../../../lib64] ==> dir [/usr/lib/gcc/x86_64-pc-linux-gnu/4.8.2/../../../../lib64]
    arg [-L/lib/../lib64] ==> dir [/lib/../lib64]
    arg [-L/usr/lib/../lib64] ==> dir [/usr/lib/../lib64]
    arg [-L/usr/lib/gcc/x86_64-pc-linux-gnu/4.8.2/../../../../x86_64-pc-linux-gnu/lib] ==> dir [/usr/lib/gcc/x86_64-pc-linux-gnu/4.8.2/../../../../x86_64-pc-linux-gnu/lib]
    arg [-L/usr/lib/gcc/x86_64-pc-linux-gnu/4.8.2/../../..] ==> dir [/usr/lib/gcc/x86_64-pc-linux-gnu/4.8.2/../../..]
    arg [CMakeFiles/cmTryCompileExec3815058532.dir/CMakeCXXCompilerABI.cpp.o] ==> ignore
    arg [-lstdc++] ==> lib [stdc++]
    arg [-lm] ==> lib [m]
    arg [-lgcc_s] ==> lib [gcc_s]
    arg [-lgcc] ==> lib [gcc]
    arg [-lc] ==> lib [c]
    arg [-lgcc_s] ==> lib [gcc_s]
    arg [-lgcc] ==> lib [gcc]
    arg [/usr/lib/gcc/x86_64-pc-linux-gnu/4.8.2/crtend.o] ==> ignore
    arg [/usr/lib/gcc/x86_64-pc-linux-gnu/4.8.2/../../../../lib64/crtn.o] ==> ignore
  remove lib [gcc_s]
  remove lib [gcc]
  remove lib [gcc_s]
  remove lib [gcc]
  collapse library dir [/usr/lib/gcc/x86_64-pc-linux-gnu/4.8.2] ==> [/usr/lib/gcc/x86_64-pc-linux-gnu/4.8.2]
  collapse library dir [/usr/lib/gcc/x86_64-pc-linux-gnu/4.8.2/../../../../lib64] ==> [/usr/lib64]
  collapse library dir [/lib/../lib64] ==> [/lib64]
  collapse library dir [/usr/lib/../lib64] ==> [/usr/lib64]
  collapse library dir [/usr/lib/gcc/x86_64-pc-linux-gnu/4.8.2/../../../../x86_64-pc-linux-gnu/lib] ==> [/usr/x86_64-pc-linux-gnu/lib]
  collapse library dir [/usr/lib/gcc/x86_64-pc-linux-gnu/4.8.2/../../..] ==> [/usr/lib]
  implicit libs: [stdc++;m;c]
  implicit dirs: [/usr/lib/gcc/x86_64-pc-linux-gnu/4.8.2;/usr/lib64;/lib64;/usr/x86_64-pc-linux-gnu/lib;/usr/lib]
  implicit fwks: []


